<?xml version="1.0" encoding="UTF-8"?>
<!-- Generated by org.testng.reporters.JUnitReportReporter -->
<testsuite hostname="Pavilion" failures="0" tests="3" name="flipkart3.Login" time="61.549" errors="0" timestamp="2024-08-02T14:40:08 IST" skipped="0">
  <testcase classname="flipkart3.Login" name="login" time="52.116"/>
  <testcase classname="flipkart3.Login" name="login_Valid" time="1.642"/>
  <testcase classname="flipkart3.Login" name="close" time="7.791"/>
</testsuite> <!-- flipkart3.Login -->
