<?xml version="1.0" encoding="UTF-8"?>
<!-- Generated by org.testng.reporters.JUnitReportReporter -->
<testsuite hostname="Pavilion" failures="0" tests="5" name="flipkart3.LogIn" time="61.003" errors="0" timestamp="2024-07-31T21:01:25 IST" skipped="0">
  <testcase classname="flipkart3.LogIn" name="logIn" time="31.691"/>
  <testcase classname="flipkart3.LogIn" name="chooseProduct" time="0.744"/>
  <testcase classname="flipkart3.LogIn" name="chooseVariant" time="10.650"/>
  <testcase classname="flipkart3.LogIn" name="payment" time="16.425"/>
  <testcase classname="flipkart3.LogIn" name="end" time="1.493"/>
</testsuite> <!-- flipkart3.LogIn -->
