<?xml version="1.0" encoding="UTF-8"?>
<!-- Generated by org.testng.reporters.JUnitReportReporter -->
<testsuite hostname="Pavilion" failures="0" tests="5" name="flipkart3.LogIn" time="56.151" errors="0" timestamp="2024-07-29T14:15:34 IST" skipped="0">
  <testcase classname="flipkart3.LogIn" name="logIn" time="31.930"/>
  <testcase classname="flipkart3.LogIn" name="chooseProduct" time="0.486"/>
  <testcase classname="flipkart3.LogIn" name="chooseVariant" time="12.107"/>
  <testcase classname="flipkart3.LogIn" name="payment" time="10.145"/>
  <testcase classname="flipkart3.LogIn" name="end" time="1.483"/>
</testsuite> <!-- flipkart3.LogIn -->
